2026-07-06 15:54:57 [INFO] run_crawler - ============================================================
2026-07-06 15:54:57 [INFO] run_crawler - 法律法规爬虫启动
2026-07-06 15:54:57 [INFO] run_crawler - 数据源: npc
2026-07-06 15:54:57 [INFO] run_crawler - ============================================================
2026-07-06 15:54:57 [INFO] npc_crawler - === 开始爬取关键词: '劳动法' ===
2026-07-06 15:55:29 [WARNING] npc_crawler - 搜索失败(第1次): HTTPSConnectionPool(host='flk.npc.gov.cn', port=443): Read timed out. (read timeout=30)
2026-07-06 15:55:33 [WARNING] npc_crawler - 搜索失败(第2次): Expecting value: line 1 column 1 (char 0)
2026-07-06 15:55:37 [WARNING] npc_crawler - 搜索失败(第3次): Expecting value: line 1 column 1 (char 0)
2026-07-06 15:55:37 [ERROR] npc_crawler - 搜索彻底失败: 关键词='劳动法'
2026-07-06 15:55:37 [INFO] npc_crawler - 关键词 '劳动法' 爬取完成, 共 0 条
2026-07-06 15:55:37 [INFO] npc_crawler - 全部爬取完成，去重后共 0 条
2026-07-06 15:55:37 [INFO] npc_crawler - JSON 已保存: D:\law project\demo1\data\raw\npc\npc_laws_1783324537.json
2026-07-06 15:58:55 [INFO] run_crawler - ============================================================
2026-07-06 15:58:55 [INFO] run_crawler - 法律法规爬虫启动
2026-07-06 15:58:55 [INFO] run_crawler - 数据源: npc
2026-07-06 15:58:55 [INFO] run_crawler - ============================================================
2026-07-06 15:58:56 [INFO] npc_crawler - 获取 Cookie 成功, status=200
2026-07-06 15:58:56 [INFO] npc_crawler - === 开始爬取关键词: '劳动法' ===
2026-07-06 15:58:59 [WARNING] npc_crawler - 搜索失败(第1次): Expecting value: line 1 column 1 (char 0)
2026-07-06 15:59:03 [WARNING] npc_crawler - 搜索失败(第2次): Expecting value: line 1 column 1 (char 0)
2026-07-06 15:59:11 [WARNING] npc_crawler - 搜索失败(第3次): Expecting value: line 1 column 1 (char 0)
2026-07-06 15:59:11 [ERROR] npc_crawler - 搜索彻底失败: 关键词='劳动法'
2026-07-06 15:59:11 [INFO] npc_crawler - 关键词 '劳动法' 爬取完成, 共 0 条
2026-07-06 15:59:11 [INFO] npc_crawler - 全部爬取完成，去重后共 0 条
2026-07-06 15:59:11 [INFO] npc_crawler - JSON 已保存: D:\law project\demo1\data\raw\npc\npc_laws_1783324751.json
2026-07-06 15:59:11 [INFO] npc_crawler - TXT 文件已保存: D:\law project\demo1\data\raw\npc\txt (0 个文件)
2026-07-06 15:59:11 [INFO] cleaner - 处理文件: D:\law project\demo1\data\raw\npc\npc_laws_1783324537.json
2026-07-06 15:59:11 [INFO] cleaner - 文件处理完成: 0 条法律 -> 0 个分段
2026-07-06 15:59:11 [INFO] cleaner - 处理文件: D:\law project\demo1\data\raw\npc\npc_laws_1783324751.json
2026-07-06 15:59:11 [INFO] cleaner - 文件处理完成: 0 条法律 -> 0 个分段
2026-07-06 15:59:11 [INFO] cleaner - 全部清洗完成: 0 个分段, 已保存: D:\law project\demo1\data\processed\npc_segments.json
2026-07-06 15:59:11 [INFO] run_crawler - 全部任务完成!
2026-07-06 16:04:23 [INFO] run_crawler - ============================================================
2026-07-06 16:04:23 [INFO] run_crawler - 法律法规爬虫启动
2026-07-06 16:04:23 [INFO] run_crawler - 数据源: npc
2026-07-06 16:04:23 [INFO] run_crawler - ============================================================
2026-07-06 16:04:23 [INFO] npc_crawler - === 开始爬取关键词: '劳动法' ===
2026-07-06 16:04:25 [INFO] npc_crawler - 搜索成功: 关键词='劳动法', 第1页, 返回22条(共22条)
2026-07-06 16:04:32 [INFO] npc_crawler -   [1] 中华人民共和国<em class='highlight'>劳动法</em> (8657 字符)
2026-07-06 16:04:34 [INFO] npc_crawler -   [2] 天津市工会<em class='highlight'>劳动法</em>律监督条例 (4476 字符)
2026-07-06 16:04:34 [INFO] npc_crawler - 关键词 '劳动法' 爬取完成, 共 2 条
2026-07-06 16:04:34 [INFO] npc_crawler - 全部爬取完成，去重后共 2 条
2026-07-06 16:04:34 [INFO] npc_crawler - JSON 已保存: D:\law project\demo1\data\raw\npc\npc_laws_1783325074.json
2026-07-06 16:04:34 [INFO] npc_crawler - TXT 文件已保存: D:\law project\demo1\data\raw\npc\txt (2 个文件)
2026-07-06 16:04:34 [INFO] cleaner - 处理文件: D:\law project\demo1\data\raw\npc\npc_laws_1783324537.json
2026-07-06 16:04:34 [INFO] cleaner - 文件处理完成: 0 条法律 -> 0 个分段
2026-07-06 16:04:34 [INFO] cleaner - 处理文件: D:\law project\demo1\data\raw\npc\npc_laws_1783324751.json
2026-07-06 16:04:34 [INFO] cleaner - 文件处理完成: 0 条法律 -> 0 个分段
2026-07-06 16:04:34 [INFO] cleaner - 处理文件: D:\law project\demo1\data\raw\npc\npc_laws_1783325074.json
2026-07-06 16:04:34 [INFO] cleaner - 文件处理完成: 2 条法律 -> 151 个分段
2026-07-06 16:04:34 [INFO] cleaner - 全部清洗完成: 140 个分段, 已保存: D:\law project\demo1\data\processed\npc_segments.json
2026-07-06 16:04:34 [INFO] run_crawler - 全部任务完成!
2026-07-06 16:06:23 [INFO] run_crawler - ============================================================
2026-07-06 16:06:23 [INFO] run_crawler - 法律法规爬虫启动
2026-07-06 16:06:23 [INFO] run_crawler - 数据源: npc
2026-07-06 16:06:23 [INFO] run_crawler - ============================================================
2026-07-06 16:06:23 [INFO] cleaner - 处理文件: D:\law project\demo1\data\raw\npc\npc_laws_1783325074.json
2026-07-06 16:06:23 [INFO] cleaner - 文件处理完成: 2 条法律 -> 151 个分段
2026-07-06 16:06:23 [INFO] cleaner - 全部清洗完成: 140 个分段, 已保存: D:\law project\demo1\data\processed\npc_segments.json
2026-07-06 16:36:43 [INFO] run_crawler - ============================================================
2026-07-06 16:36:43 [INFO] run_crawler - 法律法规爬虫启动
2026-07-06 16:36:43 [INFO] run_crawler - 数据源: npc
2026-07-06 16:36:43 [INFO] run_crawler - ============================================================
2026-07-06 16:36:44 [INFO] npc_crawler - === 开始爬取关键词: '劳动法' ===
2026-07-06 16:36:45 [INFO] npc_crawler - 搜索成功: 关键词='劳动法', 第1页, 返回22条(共22条)
2026-07-06 16:36:47 [INFO] npc_crawler -   [1] 中华人民共和国劳动法 (8657 字符)
2026-07-06 16:36:48 [INFO] npc_crawler -   [2] 天津市工会劳动法律监督条例 (4476 字符)
2026-07-06 16:36:50 [INFO] npc_crawler -   [3] 河北省工会劳动法律监督条例 (4263 字符)
2026-07-06 16:36:51 [INFO] npc_crawler -   [4] 内蒙古自治区工会劳动法律监督条例 (5797 字符)
2026-07-06 16:36:53 [INFO] npc_crawler -   [5] 沈阳市工会劳动法律监督条例 (2532 字符)
2026-07-06 16:36:55 [ERROR] npc_crawler - DOCX 解析失败: File is not a zip file
2026-07-06 16:36:55 [WARNING] npc_crawler -   内容为空，跳过: 徐州市工会<em class='highlight'>劳动法</em>律监督条例
2026-07-06 16:36:55 [INFO] npc_crawler - 已请求 15 次，长延时 3s 避免限流...
2026-07-06 16:36:59 [ERROR] npc_crawler - DOCX 解析失败: File is not a zip file
2026-07-06 16:36:59 [WARNING] npc_crawler -   内容为空，跳过: 江苏省工会<em class='highlight'>劳动法</em>律监督条例
2026-07-06 16:37:01 [INFO] npc_crawler -   [6] 无锡市工会劳动法律监督条例 (3253 字符)
2026-07-06 16:37:03 [INFO] npc_crawler -   [7] 浙江省工会劳动法律监督条例 (4346 字符)
2026-07-06 16:37:05 [INFO] npc_crawler -   [8] 杭州市工会劳动法律监督条例 (2820 字符)
2026-07-06 16:37:08 [ERROR] npc_crawler - DOCX 解析失败: File is not a zip file
2026-07-06 16:37:08 [WARNING] npc_crawler -   内容为空，跳过: 安徽省工会<em class='highlight'>劳动法</em>律监督条例
2026-07-06 16:37:09 [INFO] npc_crawler -   [9] 合肥市工会劳动法律监督条例 (2862 字符)
2026-07-06 16:37:11 [INFO] npc_crawler -   [10] 福建省工会劳动法律监督条例 (4638 字符)
2026-07-06 16:37:12 [INFO] npc_crawler -   [11] 江西省工会劳动法律监督条例 (4795 字符)
2026-07-06 16:37:12 [INFO] npc_crawler - 已请求 15 次，长延时 3s 避免限流...
2026-07-06 16:37:17 [INFO] npc_crawler -   [12] 南昌市工会劳动法律监督条例 (3543 字符)
2026-07-06 16:37:18 [INFO] npc_crawler -   [13] 山东省工会劳动法律监督条例 (4684 字符)
2026-07-06 16:37:20 [INFO] npc_crawler -   [14] 湖北省工会劳动法律监督条例 (5227 字符)
2026-07-06 16:37:21 [INFO] npc_crawler -   [15] 湖南省工会劳动法律监督条例 (3252 字符)
2026-07-06 16:37:21 [INFO] npc_crawler - 关键词 '劳动法' 爬取完成, 共 15 条
2026-07-06 16:37:21 [INFO] npc_crawler - === 开始爬取关键词: '劳动合同法' ===
2026-07-06 16:37:22 [INFO] npc_crawler - 搜索成功: 关键词='劳动合同法', 第1页, 返回96条(共96条)
2026-07-06 16:37:24 [INFO] npc_crawler -   [1] 中华人民共和国劳动法 (8657 字符)
2026-07-06 16:37:26 [INFO] npc_crawler -   [2] 中华人民共和国劳动合同法 (11951 字符)
2026-07-06 16:37:27 [INFO] npc_crawler -   [3] 中华人民共和国劳动争议调解仲裁法 (5714 字符)
2026-07-06 16:37:27 [INFO] npc_crawler - 已请求 15 次，长延时 3s 避免限流...
2026-07-06 16:37:32 [INFO] npc_crawler -   [4] 使用有毒物品作业场所劳动保护条例 (11845 字符)
2026-07-06 16:37:33 [INFO] npc_crawler -   [5] 女职工劳动保护特别规定 (2407 字符)
2026-07-06 16:37:35 [INFO] npc_crawler -   [6] 中华人民共和国劳动合同法实施条例 (4415 字符)
2026-07-06 16:37:36 [INFO] npc_crawler -   [7] 劳动保障监察条例 (4921 字符)
2026-07-06 16:37:38 [INFO] npc_crawler -   [8] 劳动就业服务企业管理规定 (3908 字符)
2026-07-06 16:37:39 [INFO] npc_crawler -   [9] 天津市工会劳动法律监督条例 (4476 字符)
2026-07-06 16:37:41 [ERROR] npc_crawler - DOCX 解析失败: File is not a zip file
2026-07-06 16:37:41 [WARNING] npc_crawler -   内容为空，跳过: 天津市<em class='highlight'>劳动</em>和社会保障监察条例
2026-07-06 16:37:41 [INFO] npc_crawler - 已请求 15 次，长延时 3s 避免限流...
2026-07-06 16:37:46 [INFO] npc_crawler -   [10] 河北省工会劳动法律监督条例 (4263 字符)
2026-07-06 16:37:47 [INFO] npc_crawler -   [11] 河北省劳动和社会保障监察条例 (4867 字符)
2026-07-06 16:37:48 [INFO] npc_crawler -   [12] 山西省女职工劳动保护条例 (3092 字符)
2026-07-06 16:37:50 [ERROR] npc_crawler - DOCX 解析失败: file '<_io.BytesIO object at 0x0000014D282D35B0>' is not a Word file, content type is 'application/vnd.openxmlformats-officedocument.themeManager+xml'
2026-07-06 16:37:50 [WARNING] npc_crawler -   内容为空，跳过: 山西省<em class='highlight'>劳动</em>合同条例
2026-07-06 16:37:51 [INFO] npc_crawler -   [13] 内蒙古自治区工会劳动法律监督条例 (5797 字符)
2026-07-06 16:37:53 [ERROR] npc_crawler - DOCX 解析失败: File is not a zip file
2026-07-06 16:37:53 [WARNING] npc_crawler -   内容为空，跳过: 内蒙古自治区<em class='highlight'>劳动</em>保障监察条例
2026-07-06 16:37:55 [ERROR] npc_crawler - DOCX 解析失败: File is not a zip file
2026-07-06 16:37:55 [WARNING] npc_crawler -   内容为空，跳过: 包头市<em class='highlight'>劳动</em>者工资保障条例
2026-07-06 16:37:56 [INFO] npc_crawler -   [14] 抚顺市职工劳动权益保障条例 (2515 字符)
2026-07-06 16:37:56 [INFO] npc_crawler - 已请求 15 次，长延时 3s 避免限流...
2026-07-06 16:38:01 [ERROR] npc_crawler - DOCX 解析失败: File is not a zip file
2026-07-06 16:38:01 [WARNING] npc_crawler -   内容为空，跳过: 辽宁省职工<em class='highlight'>劳动</em>权益保障条例
2026-07-06 16:38:02 [INFO] npc_crawler -   [15] 沈阳市劳动争议调解条例 (3864 字符)
2026-07-06 16:38:02 [INFO] npc_crawler - 关键词 '劳动合同法' 爬取完成, 共 15 条
2026-07-06 16:38:02 [INFO] npc_crawler - === 开始爬取关键词: '民法典' ===
2026-07-06 16:38:03 [INFO] npc_crawler - 搜索成功: 关键词='民法典', 第1页, 返回100条(共559条)
2026-07-06 16:38:05 [INFO] npc_crawler -   [1] 中华人民共和国人民法院组织法 (4981 字符)
2026-07-06 16:38:09 [INFO] npc_crawler -   [2] 中华人民共和国民法典 (110995 字符)
2026-07-06 16:38:10 [INFO] npc_crawler -   [3] 北京市各级人民代表大会常务委员会听取和审议人民政府、人民法院和人民检察院专项工作报告办法 (2795 字符)
2026-07-06 16:38:12 [INFO] npc_crawler -   [4] 河北省人民代表大会常务委员会关于河北雄安新区中级人民法院和河北省人民检察院雄安新区分院人事任免暂行办法 (569 字符)
2026-07-06 16:38:14 [INFO] npc_crawler -   [5] 河北省人民代表大会常务委员会关于加强人民法院执行工作的决议 (2757 字符)
2026-07-06 16:38:14 [INFO] npc_crawler - 已请求 15 次，长延时 3s 避免限流...
2026-07-06 16:38:18 [INFO] npc_crawler -   [6] 江苏省人民代表大会常务委员会关于加强人民法院执行工作的决定 (1312 字符)
2026-07-06 16:38:19 [INFO] npc_crawler -   [7] 安徽省人民代表大会常务委员会关于省人民政府、省高级人民法院、省人民检察院工作人员任前审查和任后监督的规定 (2548 字符)
2026-07-06 16:38:21 [INFO] npc_crawler -   [8] 河南省人民代表大会常务委员会关于郑州铁路运输中级人民法院，郑州、洛阳铁路运输法院和铁路运输检察院有关法官检察官职务任免问题的决定 (787 字符)
2026-07-06 16:38:22 [INFO] npc_crawler -   [9] 湖北省人民代表大会常务委员会关于进一步加强人民法院执行工作的决定 (2957 字符)
2026-07-06 16:38:24 [INFO] npc_crawler -   [10] 湖南省人民代表大会常务委员会关于进一步加强人民法院执行工作的决议 (1363 字符)
2026-07-06 16:38:25 [INFO] npc_crawler -   [11] 海南省人民代表大会常务委员会关于加强全省人民法院执行工作的决定 (1885 字符)
2026-07-06 16:38:27 [INFO] npc_crawler -   [12] 云南省人民代表大会常务委员会关于深入学习宣传和实施《中华人民共和国民法典》的决定 (3955 字符)
2026-07-06 16:38:28 [INFO] npc_crawler - 已请求 15 次，长延时 3s 避免限流...
2026-07-06 16:38:31 [INFO] npc_crawler -   [13] 西藏自治区人民代表大会常务委员会关于加强和改进人民法院民事执行工作的决定 (2991 字符)
2026-07-06 16:38:33 [ERROR] npc_crawler - DOCX 解析失败: file '<_io.BytesIO object at 0x0000014D28277C40>' is not a Word file, content type is 'application/vnd.openxmlformats-officedocument.themeManager+xml'
2026-07-06 16:38:33 [WARNING] npc_crawler -   内容为空，跳过: 青海省人民代表大会常务委员会关于全面加强人<em class='highlight'>民法</em>院执行工作的决定
2026-07-06 16:38:34 [INFO] npc_crawler -   [14] 凉山彝族自治州施行《中华人民共和国民法典》婚姻家庭编的变通规定 (583 字符)
2026-07-06 16:38:36 [ERROR] npc_crawler - DOCX 解析失败: File is not a zip file
2026-07-06 16:38:36 [WARNING] npc_crawler -   内容为空，跳过: 阿坝藏族羌族自治州施行《中华人民共和国<em class='highlight'>民法典</em>》继承编的变通规定
2026-07-06 16:38:38 [ERROR] npc_crawler - DOCX 解析失败: file '<_io.BytesIO object at 0x0000014D282D2020>' is not a Word file, content type is 'application/vnd.openxmlformats-officedocument.themeManager+xml'
2026-07-06 16:38:38 [WARNING] npc_crawler -   内容为空，跳过: 阿坝藏族羌族自治州施行《中华人民共和国<em class='highlight'>民法典</em>》婚姻家庭编的补充规定
2026-07-06 16:38:39 [INFO] npc_crawler -   [15] 峨边彝族自治县施行《中华人民共和国民法典》婚姻家庭编的补充规定 (684 字符)
2026-07-06 16:38:39 [INFO] npc_crawler - 关键词 '民法典' 爬取完成, 共 15 条
2026-07-06 16:38:39 [INFO] npc_crawler - === 开始爬取关键词: '刑法' ===
2026-07-06 16:38:40 [INFO] npc_crawler - 搜索成功: 关键词='刑法', 第1页, 返回47条(共47条)
2026-07-06 16:38:43 [INFO] npc_crawler -   [1] 中华人民共和国刑法 (73835 字符)
2026-07-06 16:38:43 [INFO] npc_crawler - 已请求 15 次，长延时 3s 避免限流...
2026-07-06 16:38:47 [INFO] npc_crawler -   [2] 全国人民代表大会常务委员会关于《中华人民共和国刑法》第三十条的解释 (271 字符)
2026-07-06 16:38:48 [INFO] npc_crawler -   [3] 全国人民代表大会常务委员会关于《中华人民共和国刑法》第二百六十六条的解释 (253 字符)
2026-07-06 16:38:49 [INFO] npc_crawler -   [4] 全国人民代表大会常务委员会关于《中华人民共和国刑法》第一百五十八条、第一百五十九条的解释 (206 字符)
2026-07-06 16:38:51 [INFO] npc_crawler -   [5] 全国人民代表大会常务委员会关于《中华人民共和国刑法》第三百四十一条、第三百一十二条的解释 (369 字符)
2026-07-06 16:38:52 [INFO] npc_crawler -   [6] 全国人民代表大会常务委员会关于《中华人民共和国刑法》第九十三条第二款的解释 (531 字符)
2026-07-06 16:38:54 [INFO] npc_crawler -   [7] 全国人民代表大会常务委员会关于《中华人民共和国刑法》第二百二十八条、第三百四十二条、第四百一十条的解释 (375 字符)
2026-07-06 16:38:55 [INFO] npc_crawler -   [8] 全国人民代表大会常务委员会关于《中华人民共和国刑法》有关出口退税、抵扣税款的其他发票规定的解释 (218 字符)
2026-07-06 16:38:57 [INFO] npc_crawler -   [9] 全国人民代表大会常务委员会关于《中华人民共和国刑法》有关文物的规定适用于具有科学价值的古脊椎动物化石、古人类化石的解释 (230 字符)
2026-07-06 16:38:57 [INFO] npc_crawler - 已请求 15 次，长延时 3s 避免限流...
2026-07-06 16:39:02 [INFO] npc_crawler -   [10] 全国人民代表大会常务委员会关于《中华人民共和国刑法》有关信用卡规定的解释 (201 字符)
2026-07-06 16:39:04 [INFO] npc_crawler -   [11] 全国人民代表大会常务委员会关于《中华人民共和国刑法》第九章渎职罪主体适用问题的解释 (271 字符)
2026-07-06 16:39:05 [INFO] npc_crawler -   [12] 全国人民代表大会常务委员会关于《中华人民共和国刑法》第三百一十三条的解释 (650 字符)
2026-07-06 16:39:07 [INFO] npc_crawler -   [13] 全国人民代表大会常务委员会关于《中华人民共和国刑法》第二百九十四条第一款的解释 (386 字符)
2026-07-06 16:39:08 [INFO] npc_crawler -   [14] 全国人民代表大会常务委员会关于《中华人民共和国刑法》第三百八十四条第一款的解释 (255 字符)
2026-07-06 16:39:10 [INFO] npc_crawler -   [15] 中华人民共和国刑法修正案（十二） (1706 字符)
2026-07-06 16:39:10 [INFO] npc_crawler - 关键词 '刑法' 爬取完成, 共 15 条
2026-07-06 16:39:10 [INFO] npc_crawler - === 开始爬取关键词: '公司法' ===
2026-07-06 16:39:10 [INFO] npc_crawler - 搜索成功: 关键词='公司法', 第1页, 返回9条(共9条)
2026-07-06 16:39:12 [INFO] npc_crawler -   [1] 中华人民共和国公司法 (32541 字符)
2026-07-06 16:39:12 [INFO] npc_crawler - 已请求 15 次，长延时 3s 避免限流...
2026-07-06 16:39:16 [INFO] npc_crawler -   [2] 国务院关于实施《中华人民共和国公司法》注册资本登记管理制度的规定 (1292 字符)
2026-07-06 16:39:18 [INFO] npc_crawler -   [3] 最高人民法院关于《中华人民共和国公司法》第八十八条第一款不溯及适用的批复 (322 字符)
2026-07-06 16:39:19 [INFO] npc_crawler -   [4] 最高人民法院关于适用《中华人民共和国公司法》时间效力的若干规定 (2231 字符)
2026-07-06 16:39:21 [INFO] npc_crawler -   [5] 最高人民法院关于适用《中华人民共和国公司法》若干问题的规定（五） (1156 字符)
2026-07-06 16:39:22 [INFO] npc_crawler -   [6] 最高人民法院关于适用《中华人民共和国公司法》若干问题的规定（四） (3778 字符)
2026-07-06 16:39:23 [INFO] npc_crawler -   [7] 最高人民法院关于适用《中华人民共和国公司法》若干问题的规定（三） (4984 字符)
2026-07-06 16:39:25 [INFO] npc_crawler -   [8] 最高人民法院关于适用《中华人民共和国公司法》若干问题的规定（二） (4165 字符)
2026-07-06 16:39:26 [INFO] npc_crawler - 已请求 15 次，长延时 3s 避免限流...
2026-07-06 16:39:31 [INFO] npc_crawler -   [9] 最高人民法院关于适用《中华人民共和国公司法》若干问题的规定（一） (565 字符)
2026-07-06 16:39:31 [INFO] npc_crawler - 关键词 '公司法' 爬取完成, 共 9 条
2026-07-06 16:39:31 [INFO] npc_crawler - 全部爬取完成，去重后共 65 条
2026-07-06 16:39:31 [INFO] npc_crawler - JSON 已保存: D:\law project\demo1\data\raw\npc\npc_laws_1783327171.json
2026-07-06 16:39:31 [INFO] npc_crawler - TXT 文件已保存: D:\law project\demo1\data\raw\npc\txt (65 个文件)
2026-07-06 16:39:31 [INFO] run_crawler - 全部任务完成!
2026-07-06 16:39:52 [INFO] run_crawler - ============================================================
2026-07-06 16:39:52 [INFO] run_crawler - 法律法规爬虫启动
2026-07-06 16:39:52 [INFO] run_crawler - 数据源: npc
2026-07-06 16:39:52 [INFO] run_crawler - ============================================================
2026-07-06 16:39:52 [INFO] npc_crawler - === 开始爬取关键词: '专利法' ===
2026-07-06 16:39:53 [INFO] npc_crawler - 搜索成功: 关键词='专利法', 第1页, 返回100条(共996条)
2026-07-06 16:39:55 [INFO] npc_crawler -   [1] 中华人民共和国民族团结进步促进法 (9318 字符)
2026-07-06 16:39:57 [INFO] npc_crawler -   [2] 中华人民共和国全国人民代表大会和地方各级人民代表大会代表法 (9262 字符)
2026-07-06 16:39:59 [INFO] npc_crawler -   [3] 中华人民共和国监察法 (11510 字符)
2026-07-06 16:40:01 [INFO] npc_crawler -   [4] 中华人民共和国立法法 (16378 字符)
2026-07-06 16:40:02 [INFO] npc_crawler -   [5] 中华人民共和国国防法 (7904 字符)
2026-07-06 16:40:04 [INFO] npc_crawler -   [6] 中华人民共和国全国人民代表大会和地方各级人民代表大会选举法 (9858 字符)
2026-07-06 16:40:05 [INFO] npc_crawler - 已请求 15 次，长延时 3s 避免限流...
2026-07-06 16:40:09 [INFO] npc_crawler -   [7] 中华人民共和国民族区域自治法 (9553 字符)
2026-07-06 16:40:11 [INFO] npc_crawler -   [8] 中华人民共和国国籍法 (843 字符)
2026-07-06 16:40:12 [INFO] npc_crawler -   [9] 中华人民共和国国家通用语言文字法 (2933 字符)
2026-07-06 16:40:14 [INFO] npc_crawler -   [10] 中华人民共和国法治宣传教育法 (5875 字符)
2026-07-06 16:40:16 [INFO] npc_crawler -   [11] 中华人民共和国各级人民代表大会常务委员会监督法 (9153 字符)
2026-07-06 16:40:17 [INFO] npc_crawler -   [12] 中华人民共和国爱国主义教育法 (4659 字符)
2026-07-06 16:40:18 [INFO] npc_crawler -   [13] 中华人民共和国外国国家豁免法 (3654 字符)
2026-07-06 16:40:20 [INFO] npc_crawler -   [14] 中华人民共和国对外关系法 (4203 字符)
2026-07-06 16:40:20 [INFO] npc_crawler - 已请求 15 次，长延时 3s 避免限流...
2026-07-06 16:40:24 [INFO] npc_crawler -   [15] 中华人民共和国陆地国界法 (6277 字符)
2026-07-06 16:40:24 [INFO] npc_crawler - 关键词 '专利法' 爬取完成, 共 15 条
2026-07-06 16:40:24 [INFO] npc_crawler - === 开始爬取关键词: '商标法' ===
2026-07-06 16:40:25 [INFO] npc_crawler - 搜索成功: 关键词='商标法', 第1页, 返回100条(共953条)
2026-07-06 16:40:27 [INFO] npc_crawler -   [1] 中华人民共和国民族团结进步促进法 (9318 字符)
2026-07-06 16:40:28 [INFO] npc_crawler -   [2] 中华人民共和国全国人民代表大会和地方各级人民代表大会代表法 (9262 字符)
2026-07-06 16:40:31 [INFO] npc_crawler -   [3] 中华人民共和国监察法 (11510 字符)
2026-07-06 16:40:32 [INFO] npc_crawler -   [4] 中华人民共和国立法法 (16378 字符)
2026-07-06 16:40:34 [INFO] npc_crawler -   [5] 中华人民共和国国防法 (7904 字符)
2026-07-06 16:40:37 [INFO] npc_crawler -   [6] 中华人民共和国全国人民代表大会和地方各级人民代表大会选举法 (9858 字符)
2026-07-06 16:40:37 [INFO] npc_crawler - 已请求 15 次，长延时 3s 避免限流...
2026-07-06 16:40:42 [INFO] npc_crawler -   [7] 中华人民共和国民族区域自治法 (9553 字符)
2026-07-06 16:40:44 [INFO] npc_crawler -   [8] 中华人民共和国国籍法 (843 字符)
2026-07-06 16:40:46 [INFO] npc_crawler -   [9] 中华人民共和国国家通用语言文字法 (2933 字符)
2026-07-06 16:40:47 [INFO] npc_crawler -   [10] 中华人民共和国法治宣传教育法 (5875 字符)
2026-07-06 16:40:49 [INFO] npc_crawler -   [11] 中华人民共和国各级人民代表大会常务委员会监督法 (9153 字符)
2026-07-06 16:40:50 [INFO] npc_crawler -   [12] 中华人民共和国爱国主义教育法 (4659 字符)
2026-07-06 16:40:52 [INFO] npc_crawler -   [13] 中华人民共和国外国国家豁免法 (3654 字符)
2026-07-06 16:40:53 [INFO] npc_crawler - 已请求 15 次，长延时 3s 避免限流...
2026-07-06 16:40:56 [INFO] npc_crawler -   [14] 中华人民共和国对外关系法 (4203 字符)
2026-07-06 16:40:58 [INFO] npc_crawler -   [15] 中华人民共和国陆地国界法 (6277 字符)
2026-07-06 16:40:58 [INFO] npc_crawler - 关键词 '商标法' 爬取完成, 共 15 条
2026-07-06 16:40:58 [INFO] npc_crawler - === 开始爬取关键词: '著作权法' ===
2026-07-06 16:40:59 [INFO] npc_crawler - 搜索成功: 关键词='著作权法', 第1页, 返回100条(共978条)
2026-07-06 16:41:01 [INFO] npc_crawler -   [1] 中华人民共和国民族团结进步促进法 (9318 字符)
2026-07-06 16:41:02 [INFO] npc_crawler -   [2] 中华人民共和国全国人民代表大会和地方各级人民代表大会代表法 (9262 字符)
2026-07-06 16:41:04 [INFO] npc_crawler -   [3] 中华人民共和国监察法 (11510 字符)
2026-07-06 16:41:07 [INFO] npc_crawler -   [4] 中华人民共和国立法法 (16378 字符)
2026-07-06 16:41:08 [INFO] npc_crawler -   [5] 中华人民共和国国防法 (7904 字符)
2026-07-06 16:41:09 [INFO] npc_crawler - 已请求 15 次，长延时 3s 避免限流...
2026-07-06 16:41:13 [INFO] npc_crawler -   [6] 中华人民共和国全国人民代表大会和地方各级人民代表大会选举法 (9858 字符)
2026-07-06 16:41:14 [INFO] npc_crawler -   [7] 中华人民共和国民族区域自治法 (9553 字符)
2026-07-06 16:41:16 [INFO] npc_crawler -   [8] 中华人民共和国国籍法 (843 字符)
2026-07-06 16:41:17 [INFO] npc_crawler -   [9] 中华人民共和国国家通用语言文字法 (2933 字符)
2026-07-06 16:41:19 [INFO] npc_crawler -   [10] 中华人民共和国法治宣传教育法 (5875 字符)
2026-07-06 16:41:21 [INFO] npc_crawler -   [11] 中华人民共和国各级人民代表大会常务委员会监督法 (9153 字符)
2026-07-06 16:41:22 [INFO] npc_crawler -   [12] 中华人民共和国爱国主义教育法 (4659 字符)
2026-07-06 16:41:24 [INFO] npc_crawler -   [13] 中华人民共和国外国国家豁免法 (3654 字符)
2026-07-06 16:41:24 [INFO] npc_crawler - 已请求 15 次，长延时 3s 避免限流...
2026-07-06 16:41:29 [INFO] npc_crawler -   [14] 中华人民共和国对外关系法 (4203 字符)
2026-07-06 16:41:32 [INFO] npc_crawler -   [15] 中华人民共和国陆地国界法 (6277 字符)
2026-07-06 16:41:32 [INFO] npc_crawler - 关键词 '著作权法' 爬取完成, 共 15 条
2026-07-06 16:41:32 [INFO] npc_crawler - === 开始爬取关键词: '消费者权益保护法' ===
2026-07-06 16:41:33 [INFO] npc_crawler - 搜索成功: 关键词='消费者权益保护法', 第1页, 返回100条(共318条)
2026-07-06 16:41:34 [INFO] npc_crawler -   [1] 中华人民共和国英雄烈士保护法 (3689 字符)
2026-07-06 16:41:36 [INFO] npc_crawler -   [2] 中华人民共和国消费者权益保护法 (8138 字符)
2026-07-06 16:41:38 [INFO] npc_crawler -   [3] 中华人民共和国文物保护法 (16443 字符)
2026-07-06 16:41:40 [INFO] npc_crawler -   [4] 中华人民共和国军事设施保护法 (9900 字符)
2026-07-06 16:41:42 [INFO] npc_crawler -   [5] 中华人民共和国军人地位和权益保障法 (7274 字符)
2026-07-06 16:41:42 [INFO] npc_crawler - 已请求 15 次，长延时 3s 避免限流...
2026-07-06 16:41:47 [INFO] npc_crawler -   [6] 中华人民共和国个人信息保护法 (9383 字符)
2026-07-06 16:41:49 [INFO] npc_crawler -   [7] 中华人民共和国台湾同胞投资保护法 (1099 字符)
2026-07-06 16:41:50 [INFO] npc_crawler -   [8] 中华人民共和国石油天然气管道保护法 (8072 字符)
2026-07-06 16:41:52 [INFO] npc_crawler -   [9] 中华人民共和国妇女权益保障法 (9257 字符)
2026-07-06 16:41:53 [INFO] npc_crawler -   [10] 中华人民共和国未成年人保护法 (17144 字符)
2026-07-06 16:41:55 [INFO] npc_crawler -   [11] 中华人民共和国老年人权益保障法 (8061 字符)
2026-07-06 16:41:56 [INFO] npc_crawler -   [12] 中华人民共和国归侨侨眷权益保护法 (2266 字符)
2026-07-06 16:41:57 [INFO] npc_crawler - 已请求 15 次，长延时 3s 避免限流...
2026-07-06 16:42:01 [INFO] npc_crawler -   [13] 中华人民共和国海洋环境保护法 (20556 字符)
2026-07-06 16:42:02 [INFO] npc_crawler -   [14] 中华人民共和国青藏高原生态保护法 (9830 字符)
2026-07-06 16:42:04 [INFO] npc_crawler -   [15] 中华人民共和国野生动物保护法 (13100 字符)
2026-07-06 16:42:04 [INFO] npc_crawler - 关键词 '消费者权益保护法' 爬取完成, 共 15 条
2026-07-06 16:42:04 [INFO] npc_crawler - === 开始爬取关键词: '社会保险法' ===
2026-07-06 16:42:05 [INFO] npc_crawler - 搜索成功: 关键词='社会保险法', 第1页, 返回100条(共204条)
2026-07-06 16:42:08 [INFO] npc_crawler -   [1] 中华人民共和国保险法 (21792 字符)
2026-07-06 16:42:09 [INFO] npc_crawler -   [2] 中华人民共和国社会救助法 (7957 字符)
2026-07-06 16:42:11 [INFO] npc_crawler -   [3] 中华人民共和国社会保险法 (10560 字符)
2026-07-06 16:42:13 [INFO] npc_crawler -   [4] 中华人民共和国军人保险法 (4352 字符)
2026-07-06 16:42:14 [INFO] npc_crawler - 已请求 15 次，长延时 3s 避免限流...
2026-07-06 16:42:17 [INFO] npc_crawler -   [5] 社会团体登记管理条例 (5181 字符)
2026-07-06 16:42:18 [INFO] npc_crawler -   [6] 社会保险经办条例 (6623 字符)
2026-07-06 16:42:20 [INFO] npc_crawler -   [7] 社会保险费征缴暂行条例 (3358 字符)
2026-07-06 16:42:21 [INFO] npc_crawler -   [8] 社会救助暂行办法 (6622 字符)
2026-07-06 16:42:23 [INFO] npc_crawler -   [9] 全国社会保障基金条例 (2987 字符)
2026-07-06 16:42:24 [INFO] npc_crawler -   [10] 国务院关于国家行政机关和企业事业单位社会团体印章管理的规定 (2326 字符)
2026-07-06 16:42:26 [INFO] npc_crawler -   [11] 北京市推进京津冀社会保障卡一卡通规定 (2442 字符)
2026-07-06 16:42:27 [INFO] npc_crawler -   [12] 北京市国民经济和社会发展计划审查监督条例 (5043 字符)
2026-07-06 16:42:27 [INFO] npc_crawler - 已请求 15 次，长延时 3s 避免限流...
2026-07-06 16:42:32 [INFO] npc_crawler -   [13] 天津市推进京津冀社会保障卡一卡通规定 (2449 字符)
2026-07-06 16:42:33 [INFO] npc_crawler -   [14] 天津市社会信用条例 (8973 字符)
2026-07-06 16:42:35 [ERROR] npc_crawler - DOCX 解析失败: File is not a zip file
2026-07-06 16:42:35 [WARNING] npc_crawler -   内容为空，跳过: 天津市劳动和<em class='highlight'>社会</em>保障监察条例
2026-07-06 16:42:37 [INFO] npc_crawler -   [15] 河北省推进京津冀社会保障卡一卡通规定 (2577 字符)
2026-07-06 16:42:37 [INFO] npc_crawler - 关键词 '社会保险法' 爬取完成, 共 15 条
2026-07-06 16:42:37 [INFO] npc_crawler - 全部爬取完成，去重后共 45 条
2026-07-06 16:42:37 [INFO] npc_crawler - JSON 已保存: D:\law project\demo1\data\raw\npc\npc_laws_1783327357.json
2026-07-06 16:42:37 [INFO] npc_crawler - TXT 文件已保存: D:\law project\demo1\data\raw\npc\txt (45 个文件)
2026-07-06 16:42:37 [INFO] run_crawler - 全部任务完成!
2026-07-06 16:43:13 [INFO] run_crawler - ============================================================
2026-07-06 16:43:13 [INFO] run_crawler - 法律法规爬虫启动
2026-07-06 16:43:13 [INFO] run_crawler - 数据源: npc
2026-07-06 16:43:13 [INFO] run_crawler - ============================================================
2026-07-06 16:43:13 [INFO] cleaner - 处理文件: D:\law project\demo1\data\raw\npc\npc_laws_1783325074.json
2026-07-06 16:43:13 [INFO] cleaner - 文件处理完成: 2 条法律 -> 151 个分段
2026-07-06 16:43:13 [INFO] cleaner - 处理文件: D:\law project\demo1\data\raw\npc\npc_laws_1783327171.json
2026-07-06 16:43:13 [INFO] cleaner - 文件处理完成: 65 条法律 -> 3729 个分段
2026-07-06 16:43:13 [INFO] cleaner - 处理文件: D:\law project\demo1\data\raw\npc\npc_laws_1783327357.json
2026-07-06 16:43:13 [INFO] cleaner - 文件处理完成: 45 条法律 -> 2987 个分段
2026-07-06 16:43:13 [INFO] cleaner - 全部清洗完成: 6077 个分段, 已保存: D:\law project\demo1\data\processed\npc_segments.json
2026-07-06 16:43:15 [INFO] run_crawler - ============================================================
2026-07-06 16:43:15 [INFO] run_crawler - 法律法规爬虫启动
2026-07-06 16:43:15 [INFO] run_crawler - 数据源: npc
2026-07-06 16:43:15 [INFO] run_crawler - ============================================================
2026-07-06 16:43:15 [INFO] npc_crawler - === 开始爬取关键词: '中华人民共和国专利法' ===
2026-07-06 16:43:17 [INFO] npc_crawler - 搜索成功: 关键词='中华人民共和国专利法', 第1页, 返回100条(共1513条)
2026-07-06 16:43:19 [INFO] npc_crawler -   [1] 中华人民共和国宪法（2018年修正文本） (17905 字符)
2026-07-06 16:43:21 [INFO] npc_crawler -   [2] 中华人民共和国宪法修正案（2018年） (4582 字符)
2026-07-06 16:43:23 [INFO] npc_crawler -   [3] 中华人民共和国宪法修正案（2004年） (2199 字符)
2026-07-06 16:43:24 [INFO] npc_crawler -   [4] 中华人民共和国宪法修正案（1999年） (1617 字符)
2026-07-06 16:43:26 [INFO] npc_crawler -   [5] 中华人民共和国宪法修正案（1993年） (1676 字符)
2026-07-06 16:43:26 [INFO] npc_crawler - 关键词 '中华人民共和国专利法' 爬取完成, 共 5 条
2026-07-06 16:43:26 [INFO] npc_crawler - === 开始爬取关键词: '中华人民共和国商标法' ===
2026-07-06 16:43:28 [INFO] npc_crawler - 搜索成功: 关键词='中华人民共和国商标法', 第1页, 返回100条(共1514条)
2026-07-06 16:43:31 [INFO] npc_crawler -   [1] 中华人民共和国宪法（2018年修正文本） (17905 字符)
2026-07-06 16:43:31 [INFO] npc_crawler - 已请求 15 次，长延时 3s 避免限流...
2026-07-06 16:43:35 [INFO] npc_crawler -   [2] 中华人民共和国宪法修正案（2018年） (4582 字符)
2026-07-06 16:43:37 [INFO] npc_crawler -   [3] 中华人民共和国宪法修正案（2004年） (2199 字符)
2026-07-06 16:43:39 [INFO] npc_crawler -   [4] 中华人民共和国宪法修正案（1999年） (1617 字符)
2026-07-06 16:43:41 [INFO] npc_crawler -   [5] 中华人民共和国宪法修正案（1993年） (1676 字符)
2026-07-06 16:43:41 [INFO] npc_crawler - 关键词 '中华人民共和国商标法' 爬取完成, 共 5 条
2026-07-06 16:43:41 [INFO] npc_crawler - === 开始爬取关键词: '中华人民共和国著作权法' ===
2026-07-06 16:43:42 [INFO] npc_crawler - 搜索成功: 关键词='中华人民共和国著作权法', 第1页, 返回100条(共1513条)
2026-07-06 16:43:44 [INFO] npc_crawler -   [1] 中华人民共和国宪法（2018年修正文本） (17905 字符)
2026-07-06 16:43:46 [INFO] npc_crawler -   [2] 中华人民共和国宪法修正案（2018年） (4582 字符)
2026-07-06 16:43:47 [INFO] npc_crawler -   [3] 中华人民共和国宪法修正案（2004年） (2199 字符)
2026-07-06 16:43:47 [INFO] npc_crawler - 已请求 15 次，长延时 3s 避免限流...
2026-07-06 16:43:52 [INFO] npc_crawler -   [4] 中华人民共和国宪法修正案（1999年） (1617 字符)
2026-07-06 16:43:54 [INFO] npc_crawler -   [5] 中华人民共和国宪法修正案（1993年） (1676 字符)
2026-07-06 16:43:54 [INFO] npc_crawler - 关键词 '中华人民共和国著作权法' 爬取完成, 共 5 条
2026-07-06 16:43:54 [INFO] npc_crawler - === 开始爬取关键词: '反不正当竞争法' ===
2026-07-06 16:43:54 [INFO] npc_crawler - 搜索成功: 关键词='反不正当竞争法', 第1页, 返回6条(共6条)
2026-07-06 16:43:56 [INFO] npc_crawler -   [1] 中华人民共和国反不正当竞争法 (6010 字符)
2026-07-06 16:43:59 [ERROR] npc_crawler - DOCX 解析失败: File is not a zip file
2026-07-06 16:43:59 [WARNING] npc_crawler -   内容为空，跳过: 天津市实施《中华人民共和国<em class='highlight'>反不正当竞争法</em>》办法
2026-07-06 16:44:01 [INFO] npc_crawler -   [2] 江苏省实施《中华人民共和国反不正当竞争法》办法 (4361 字符)
2026-07-06 16:44:03 [INFO] npc_crawler -   [3] 广东省实施《中华人民共和国反不正当竞争法》办法 (3664 字符)
2026-07-06 16:44:04 [INFO] npc_crawler -   [4] 深圳经济特区实施《中华人民共和国反不正当竞争法》规定 (2582 字符)
2026-07-06 16:44:04 [INFO] npc_crawler - 已请求 15 次，长延时 3s 避免限流...
2026-07-06 16:44:09 [INFO] npc_crawler -   [5] 最高人民法院关于适用《中华人民共和国反不正当竞争法》若干问题的解释 (3723 字符)
2026-07-06 16:44:09 [INFO] npc_crawler - 关键词 '反不正当竞争法' 爬取完成, 共 5 条
2026-07-06 16:44:09 [INFO] npc_crawler - === 开始爬取关键词: '个人信息保护法' ===
2026-07-06 16:44:10 [INFO] npc_crawler - 搜索成功: 关键词='个人信息保护法', 第1页, 返回100条(共124条)
2026-07-06 16:44:11 [INFO] npc_crawler -   [1] 中华人民共和国英雄烈士保护法 (3689 字符)
2026-07-06 16:44:13 [INFO] npc_crawler -   [2] 中华人民共和国消费者权益保护法 (8138 字符)
2026-07-06 16:44:14 [INFO] npc_crawler -   [3] 中华人民共和国文物保护法 (16443 字符)
2026-07-06 16:44:16 [INFO] npc_crawler -   [4] 中华人民共和国军事设施保护法 (9900 字符)
2026-07-06 16:44:18 [INFO] npc_crawler -   [5] 中华人民共和国个人信息保护法 (9383 字符)
2026-07-06 16:44:18 [INFO] npc_crawler - 关键词 '个人信息保护法' 爬取完成, 共 5 条
2026-07-06 16:44:18 [INFO] npc_crawler - === 开始爬取关键词: '网络安全法' ===
2026-07-06 16:44:19 [INFO] npc_crawler - 搜索成功: 关键词='网络安全法', 第1页, 返回91条(共91条)
2026-07-06 16:44:20 [INFO] npc_crawler - 已请求 15 次，长延时 3s 避免限流...
2026-07-06 16:44:24 [INFO] npc_crawler -   [1] 中华人民共和国香港特别行政区维护国家安全法 (9889 字符)
2026-07-06 16:44:25 [INFO] npc_crawler -   [2] 中华人民共和国国家安全法 (7165 字符)
2026-07-06 16:44:27 [INFO] npc_crawler -   [3] 中华人民共和国食品安全法 (30760 字符)
2026-07-06 16:44:29 [INFO] npc_crawler -   [4] 中华人民共和国海上交通安全法 (18803 字符)
2026-07-06 16:44:31 [INFO] npc_crawler -   [5] 中华人民共和国道路交通安全法 (16237 字符)
2026-07-06 16:44:31 [INFO] npc_crawler - 关键词 '网络安全法' 爬取完成, 共 5 条
2026-07-06 16:44:31 [INFO] npc_crawler - === 开始爬取关键词: '道路交通安全法' ===
2026-07-06 16:44:32 [INFO] npc_crawler - 搜索成功: 关键词='道路交通安全法', 第1页, 返回100条(共111条)
2026-07-06 16:44:33 [INFO] npc_crawler -   [1] 中华人民共和国香港特别行政区维护国家安全法 (9889 字符)
2026-07-06 16:44:35 [INFO] npc_crawler -   [2] 中华人民共和国国家安全法 (7165 字符)
2026-07-06 16:44:36 [INFO] npc_crawler - 已请求 15 次，长延时 3s 避免限流...
2026-07-06 16:44:39 [INFO] npc_crawler -   [3] 中华人民共和国食品安全法 (30760 字符)
2026-07-06 16:44:41 [INFO] npc_crawler -   [4] 中华人民共和国海上交通安全法 (18803 字符)
2026-07-06 16:44:43 [INFO] npc_crawler -   [5] 中华人民共和国道路交通安全法 (16237 字符)
2026-07-06 16:44:43 [INFO] npc_crawler - 关键词 '道路交通安全法' 爬取完成, 共 5 条
2026-07-06 16:44:43 [INFO] npc_crawler - 全部爬取完成，去重后共 20 条
2026-07-06 16:44:43 [INFO] npc_crawler - JSON 已保存: D:\law project\demo1\data\raw\npc\npc_laws_1783327483.json
2026-07-06 16:44:43 [INFO] npc_crawler - TXT 文件已保存: D:\law project\demo1\data\raw\npc\txt (20 个文件)
2026-07-06 16:44:43 [INFO] run_crawler - 全部任务完成!
2026-07-06 16:45:07 [INFO] run_crawler - ============================================================
2026-07-06 16:45:07 [INFO] run_crawler - 法律法规爬虫启动
2026-07-06 16:45:07 [INFO] run_crawler - 数据源: npc
2026-07-06 16:45:07 [INFO] run_crawler - ============================================================
2026-07-06 16:45:07 [INFO] cleaner - 处理文件: D:\law project\demo1\data\raw\npc\npc_laws_1783325074.json
2026-07-06 16:45:07 [INFO] cleaner - 文件处理完成: 2 条法律 -> 151 个分段
2026-07-06 16:45:07 [INFO] cleaner - 处理文件: D:\law project\demo1\data\raw\npc\npc_laws_1783327171.json
2026-07-06 16:45:07 [INFO] cleaner - 文件处理完成: 65 条法律 -> 3729 个分段
2026-07-06 16:45:07 [INFO] cleaner - 处理文件: D:\law project\demo1\data\raw\npc\npc_laws_1783327357.json
2026-07-06 16:45:07 [INFO] cleaner - 文件处理完成: 45 条法律 -> 2987 个分段
2026-07-06 16:45:07 [INFO] cleaner - 处理文件: D:\law project\demo1\data\raw\npc\npc_laws_1783327483.json
2026-07-06 16:45:07 [INFO] cleaner - 文件处理完成: 20 条法律 -> 1482 个分段
2026-07-06 16:45:07 [INFO] cleaner - 全部清洗完成: 7027 个分段, 已保存: D:\law project\demo1\data\processed\npc_segments.json
